<?xml version="1.0" encoding="utf-8"?>
<test-run id="2" testcasecount="74" result="Failed" total="74" passed="70" failed="4" skipped="0" inconclusive="0" start-time="2026-08-05 17:47:22" end-time="2026-08-05 17:50:59" duration="216.885">
  <test-suite type="TestSuite" name="AvatarSetupTool" fullname="AvatarSetupTool" result="Failed" start-time="2026-08-05 17:47:22" end-time="2026-08-05 17:50:59" duration="216.885" total="74" passed="70" failed="4" skipped="0" inconclusive="0">
    <test-suite type="TestSuite" name="Hidano.AvatarSetupTool.Editor.Tests.dll" fullname="D:/Personal/Repositries/AvatarSetupTool/AvatarSetupTool/Library/ScriptAssemblies/Hidano.AvatarSetupTool.Editor.Tests.dll" result="Failed" start-time="2026-08-05 17:47:22" end-time="2026-08-05 17:50:59" duration="216.878" total="74" passed="70" failed="4" skipped="0" inconclusive="0">
      <test-suite type="TestSuite" name="Hidano" fullname="Hidano" result="Failed" start-time="2026-08-05 17:47:22" end-time="2026-08-05 17:50:59" duration="216.878" total="74" passed="70" failed="4" skipped="0" inconclusive="0">
        <test-suite type="TestSuite" name="AvatarSetupTool" fullname="Hidano.AvatarSetupTool" result="Failed" start-time="2026-08-05 17:47:22" end-time="2026-08-05 17:50:59" duration="216.878" total="74" passed="70" failed="4" skipped="0" inconclusive="0">
          <test-suite type="TestSuite" name="Editor" fullname="Hidano.AvatarSetupTool.Editor" result="Failed" start-time="2026-08-05 17:47:22" end-time="2026-08-05 17:50:59" duration="216.877" total="74" passed="70" failed="4" skipped="0" inconclusive="0">
            <test-suite type="TestSuite" name="Tests" fullname="Hidano.AvatarSetupTool.Editor.Tests" result="Failed" start-time="2026-08-05 17:47:22" end-time="2026-08-05 17:50:59" duration="216.877" total="74" passed="70" failed="4" skipped="0" inconclusive="0">
              <test-suite type="Hidano.AvatarSetupTool.Editor.Tests.BlackFrameFailureTests" name="BlackFrameFailureTests" fullname="Hidano.AvatarSetupTool.Editor.Tests.BlackFrameFailureTests" result="Passed" start-time="2026-08-05 17:47:22" end-time="2026-08-05 17:47:22" duration="0.083" total="3" passed="3" failed="0" skipped="0" inconclusive="0">
                <test-case name="CaptureShot_RenderFailure_DoesNotCreatePngFile" fullname="Hidano.AvatarSetupTool.Editor.Tests.BlackFrameFailureTests.CaptureShot_RenderFailure_DoesNotCreatePngFile" result="Passed" start-time="2026-08-05 17:47:22" end-time="2026-08-05 17:47:22" duration="0.034" />
                <test-case name="RenderStill_BlackAfterRetry_RendersExactlyTwiceAndThrows" fullname="Hidano.AvatarSetupTool.Editor.Tests.BlackFrameFailureTests.RenderStill_BlackAfterRetry_RendersExactlyTwiceAndThrows" result="Passed" start-time="2026-08-05 17:47:22" end-time="2026-08-05 17:47:22" duration="0.015" />
                <test-case name="RenderStill_BlackOnlyOnFirstAttempt_RecoversByRetry" fullname="Hidano.AvatarSetupTool.Editor.Tests.BlackFrameFailureTests.RenderStill_BlackOnlyOnFirstAttempt_RecoversByRetry" result="Passed" start-time="2026-08-05 17:47:22" end-time="2026-08-05 17:47:22" duration="0.011" />
              </test-suite>
              <test-suite type="Hidano.AvatarSetupTool.Editor.Tests.BlackFrameTests" name="BlackFrameTests" fullname="Hidano.AvatarSetupTool.Editor.Tests.BlackFrameTests" result="Passed" start-time="2026-08-05 17:47:22" end-time="2026-08-05 17:47:22" duration="0.009" total="6" passed="6" failed="0" skipped="0" inconclusive="0">
                <test-case name="IsAllBlack_AllBlack_ReturnsTrue" fullname="Hidano.AvatarSetupTool.Editor.Tests.BlackFrameTests.IsAllBlack_AllBlack_ReturnsTrue" result="Passed" start-time="2026-08-05 17:47:22" end-time="2026-08-05 17:47:22" duration="0.001" />
                <test-case name="IsAllBlack_AllBlackWithNonZeroAlpha_ReturnsTrue" fullname="Hidano.AvatarSetupTool.Editor.Tests.BlackFrameTests.IsAllBlack_AllBlackWithNonZeroAlpha_ReturnsTrue" result="Passed" start-time="2026-08-05 17:47:22" end-time="2026-08-05 17:47:22" duration="0.000" />
                <test-case name="IsAllBlack_EmptyArray_ReturnsTrue" fullname="Hidano.AvatarSetupTool.Editor.Tests.BlackFrameTests.IsAllBlack_EmptyArray_ReturnsTrue" result="Passed" start-time="2026-08-05 17:47:22" end-time="2026-08-05 17:47:22" duration="0.000" />
                <test-case name="IsAllBlack_SingleNonBlackAtEnd_ReturnsFalse" fullname="Hidano.AvatarSetupTool.Editor.Tests.BlackFrameTests.IsAllBlack_SingleNonBlackAtEnd_ReturnsFalse" result="Passed" start-time="2026-08-05 17:47:22" end-time="2026-08-05 17:47:22" duration="0.000" />
                <test-case name="IsAllBlack_SingleNonBlackAtStart_ReturnsFalse" fullname="Hidano.AvatarSetupTool.Editor.Tests.BlackFrameTests.IsAllBlack_SingleNonBlackAtStart_ReturnsFalse" result="Passed" start-time="2026-08-05 17:47:22" end-time="2026-08-05 17:47:22" duration="0.000" />
                <test-case name="IsAllBlack_SingleNonBlackInMiddle_ReturnsFalse" fullname="Hidano.AvatarSetupTool.Editor.Tests.BlackFrameTests.IsAllBlack_SingleNonBlackInMiddle_ReturnsFalse" result="Passed" start-time="2026-08-05 17:47:22" end-time="2026-08-05 17:47:22" duration="0.000" />
              </test-suite>
              <test-suite type="Hidano.AvatarSetupTool.Editor.Tests.DownscaleTests" name="DownscaleTests" fullname="Hidano.AvatarSetupTool.Editor.Tests.DownscaleTests" result="Passed" start-time="2026-08-05 17:47:22" end-time="2026-08-05 17:47:22" duration="0.007" total="9" passed="9" failed="0" skipped="0" inconclusive="0">
                <test-case name="Downscale_BottomUp_KeepsRowOrder" fullname="Hidano.AvatarSetupTool.Editor.Tests.DownscaleTests.Downscale_BottomUp_KeepsRowOrder" result="Passed" start-time="2026-08-05 17:47:22" end-time="2026-08-05 17:47:22" duration="0.001" />
                <test-case name="Downscale_TopDown_FlipsRows" fullname="Hidano.AvatarSetupTool.Editor.Tests.DownscaleTests.Downscale_TopDown_FlipsRows" result="Passed" start-time="2026-08-05 17:47:22" end-time="2026-08-05 17:47:22" duration="0.000" />
                <test-case name="Downscale_TopDown_MatchesReferenceOnRandomInput" fullname="Hidano.AvatarSetupTool.Editor.Tests.DownscaleTests.Downscale_TopDown_MatchesReferenceOnRandomInput" result="Passed" start-time="2026-08-05 17:47:22" end-time="2026-08-05 17:47:22" duration="0.001" />
                <test-case name="DownscaleInto_ForcesAlphaTo255" fullname="Hidano.AvatarSetupTool.Editor.Tests.DownscaleTests.DownscaleInto_ForcesAlphaTo255" result="Passed" start-time="2026-08-05 17:47:22" end-time="2026-08-05 17:47:22" duration="0.000" />
                <test-suite type="TestSuite" name="DownscaleInto_MatchesReferenceImplementation" fullname="Hidano.AvatarSetupTool.Editor.Tests.DownscaleTests.DownscaleInto_MatchesReferenceImplementation" result="Passed" start-time="2026-08-05 17:47:22" end-time="2026-08-05 17:47:22" duration="0.002" total="3" passed="3" failed="0" skipped="0" inconclusive="0">
                  <test-case name="DownscaleInto_MatchesReferenceImplementation(2,16,12,12345)" fullname="Hidano.AvatarSetupTool.Editor.Tests.DownscaleTests.DownscaleInto_MatchesReferenceImplementation(2,16,12,12345)" result="Passed" start-time="2026-08-05 17:47:22" end-time="2026-08-05 17:47:22" duration="0.001" />
                  <test-case name="DownscaleInto_MatchesReferenceImplementation(4,16,16,67890)" fullname="Hidano.AvatarSetupTool.Editor.Tests.DownscaleTests.DownscaleInto_MatchesReferenceImplementation(4,16,16,67890)" result="Passed" start-time="2026-08-05 17:47:22" end-time="2026-08-05 17:47:22" duration="0.000" />
                  <test-case name="DownscaleInto_MatchesReferenceImplementation(1,8,8,24680)" fullname="Hidano.AvatarSetupTool.Editor.Tests.DownscaleTests.DownscaleInto_MatchesReferenceImplementation(1,8,8,24680)" result="Passed" start-time="2026-08-05 17:47:22" end-time="2026-08-05 17:47:22" duration="0.000" />
                </test-suite>
                <test-case name="DownscaleInto_RoundsWithSamplesHalfBias" fullname="Hidano.AvatarSetupTool.Editor.Tests.DownscaleTests.DownscaleInto_RoundsWithSamplesHalfBias" result="Passed" start-time="2026-08-05 17:47:22" end-time="2026-08-05 17:47:22" duration="0.001" />
                <test-case name="DownscaleInto_TiledComposition_MatchesSingleDownscale" fullname="Hidano.AvatarSetupTool.Editor.Tests.DownscaleTests.DownscaleInto_TiledComposition_MatchesSingleDownscale" result="Passed" start-time="2026-08-05 17:47:22" end-time="2026-08-05 17:47:22" duration="0.001" />
              </test-suite>
              <test-suite type="Hidano.AvatarSetupTool.Editor.Tests.PngEncodeTests" name="PngEncodeTests" fullname="Hidano.AvatarSetupTool.Editor.Tests.PngEncodeTests" result="Failed" start-time="2026-08-05 17:47:22" end-time="2026-08-05 17:47:22" duration="0.009" total="5" passed="1" failed="4" skipped="0" inconclusive="0">
                <test-suite type="TestSuite" name="EncodeArrayToPng_MatchesTexture2DRoute_AfterDecode" fullname="Hidano.AvatarSetupTool.Editor.Tests.PngEncodeTests.EncodeArrayToPng_MatchesTexture2DRoute_AfterDecode" result="Failed" start-time="2026-08-05 17:47:22" end-time="2026-08-05 17:47:22" duration="0.007" total="3" passed="1" failed="2" skipped="0" inconclusive="0">
                  <test-case name="EncodeArrayToPng_MatchesTexture2DRoute_AfterDecode(16,12,12345)" fullname="Hidano.AvatarSetupTool.Editor.Tests.PngEncodeTests.EncodeArrayToPng_MatchesTexture2DRoute_AfterDecode(16,12,12345)" result="Failed" start-time="2026-08-05 17:47:22" end-time="2026-08-05 17:47:22" duration="0.005">
                    <failure>
                      <message>  r at 52
  Expected: 5
  But was:  244
</message>
                      <stack-trace>at Hidano.AvatarSetupTool.Editor.Tests.PngEncodeTests.EncodeArrayToPng_MatchesTexture2DRoute_AfterDecode (System.Int32 width, System.Int32 height, System.UInt32 seed) [0x00078] in .\Packages\com.hidano.avatarsetuptool\Tests\Editor\PngEncodeTests.cs:131
</stack-trace>
                    </failure>
                  </test-case>
                  <test-case name="EncodeArrayToPng_MatchesTexture2DRoute_AfterDecode(7,5,67890)" fullname="Hidano.AvatarSetupTool.Editor.Tests.PngEncodeTests.EncodeArrayToPng_MatchesTexture2DRoute_AfterDecode(7,5,67890)" result="Failed" start-time="2026-08-05 17:47:22" end-time="2026-08-05 17:47:22" duration="0.000">
                    <failure>
                      <message>  r at 8
  Expected: 140
  But was:  184
</message>
                      <stack-trace>at Hidano.AvatarSetupTool.Editor.Tests.PngEncodeTests.EncodeArrayToPng_MatchesTexture2DRoute_AfterDecode (System.Int32 width, System.Int32 height, System.UInt32 seed) [0x00078] in .\Packages\com.hidano.avatarsetuptool\Tests\Editor\PngEncodeTests.cs:131
</stack-trace>
                    </failure>
                  </test-case>
                  <test-case name="EncodeArrayToPng_MatchesTexture2DRoute_AfterDecode(1,1,24680)" fullname="Hidano.AvatarSetupTool.Editor.Tests.PngEncodeTests.EncodeArrayToPng_MatchesTexture2DRoute_AfterDecode(1,1,24680)" result="Passed" start-time="2026-08-05 17:47:22" end-time="2026-08-05 17:47:22" duration="0.000" />
                </test-suite>
                <test-case name="EncodeArrayToPng_RoundTrip_PreservesBufferExactly" fullname="Hidano.AvatarSetupTool.Editor.Tests.PngEncodeTests.EncodeArrayToPng_RoundTrip_PreservesBufferExactly" result="Failed" start-time="2026-08-05 17:47:22" end-time="2026-08-05 17:47:22" duration="0.001">
                  <failure>
                    <message>  r at 52
  Expected: 196
  But was:  87
</message>
                    <stack-trace>at Hidano.AvatarSetupTool.Editor.Tests.PngEncodeTests.EncodeArrayToPng_RoundTrip_PreservesBufferExactly () [0x0002c] in .\Packages\com.hidano.avatarsetuptool\Tests\Editor\PngEncodeTests.cs:150
</stack-trace>
                  </failure>
                </test-case>
                <test-case name="EncodeArrayToPng_TopRowMarker_AppearsInPngFirstRow" fullname="Hidano.AvatarSetupTool.Editor.Tests.PngEncodeTests.EncodeArrayToPng_TopRowMarker_AppearsInPngFirstRow" result="Failed" start-time="2026-08-05 17:47:22" end-time="2026-08-05 17:47:22" duration="0.002">
                  <failure>
                    <message>  バッファ先頭行が画像最上段に現れない (行順が top-down でない)
  Expected: (255, 0, 0)
  But was:  (0, 0, 255)
</message>
                    <stack-trace>at Hidano.AvatarSetupTool.Editor.Tests.PngEncodeTests.EncodeArrayToPng_TopRowMarker_AppearsInPngFirstRow () [0x00065] in .\Packages\com.hidano.avatarsetuptool\Tests\Editor\PngEncodeTests.cs:180
</stack-trace>
                  </failure>
                </test-case>
              </test-suite>
              <test-suite type="Hidano.AvatarSetupTool.Editor.Tests.PngMetadataTests" name="PngMetadataTests" fullname="Hidano.AvatarSetupTool.Editor.Tests.PngMetadataTests" result="Passed" start-time="2026-08-05 17:47:22" end-time="2026-08-05 17:47:22" duration="0.004" total="7" passed="7" failed="0" skipped="0" inconclusive="0">
                <test-case name="ReferenceCrc32_MatchesKnownTestVector" fullname="Hidano.AvatarSetupTool.Editor.Tests.PngMetadataTests.ReferenceCrc32_MatchesKnownTestVector" result="Passed" start-time="2026-08-05 17:47:22" end-time="2026-08-05 17:47:22" duration="0.000" />
                <test-case name="WithText_ChunkCrc_CoversTypeAndData" fullname="Hidano.AvatarSetupTool.Editor.Tests.PngMetadataTests.WithText_ChunkCrc_CoversTypeAndData" result="Passed" start-time="2026-08-05 17:47:22" end-time="2026-08-05 17:47:22" duration="0.000" />
                <test-case name="WithText_ChunkDataLayout_FollowsItxtSpec" fullname="Hidano.AvatarSetupTool.Editor.Tests.PngMetadataTests.WithText_ChunkDataLayout_FollowsItxtSpec" result="Passed" start-time="2026-08-05 17:47:22" end-time="2026-08-05 17:47:22" duration="0.000" />
                <test-case name="WithText_InsertsItxtChunkImmediatelyAfterIhdr" fullname="Hidano.AvatarSetupTool.Editor.Tests.PngMetadataTests.WithText_InsertsItxtChunkImmediatelyAfterIhdr" result="Passed" start-time="2026-08-05 17:47:22" end-time="2026-08-05 17:47:22" duration="0.000" />
                <test-case name="WithText_InvalidInput_ReturnsInputAsIs" fullname="Hidano.AvatarSetupTool.Editor.Tests.PngMetadataTests.WithText_InvalidInput_ReturnsInputAsIs" result="Passed" start-time="2026-08-05 17:47:22" end-time="2026-08-05 17:47:22" duration="0.000" />
                <test-case name="WithText_Output_RemainsLoadablePng_WithSamePixels" fullname="Hidano.AvatarSetupTool.Editor.Tests.PngMetadataTests.WithText_Output_RemainsLoadablePng_WithSamePixels" result="Passed" start-time="2026-08-05 17:47:22" end-time="2026-08-05 17:47:22" duration="0.000" />
                <test-case name="WithText_Utf8Body_RoundTrips" fullname="Hidano.AvatarSetupTool.Editor.Tests.PngMetadataTests.WithText_Utf8Body_RoundTrips" result="Passed" start-time="2026-08-05 17:47:22" end-time="2026-08-05 17:47:22" duration="0.000" />
              </test-suite>
              <test-suite type="Hidano.AvatarSetupTool.Editor.Tests.TestAssemblySetupTests" name="TestAssemblySetupTests" fullname="Hidano.AvatarSetupTool.Editor.Tests.TestAssemblySetupTests" result="Passed" start-time="2026-08-05 17:47:22" end-time="2026-08-05 17:47:22" duration="0.001" total="1" passed="1" failed="0" skipped="0" inconclusive="0">
                <test-case name="InternalMember_IsAccessibleFromTestAssembly" fullname="Hidano.AvatarSetupTool.Editor.Tests.TestAssemblySetupTests.InternalMember_IsAccessibleFromTestAssembly" result="Passed" start-time="2026-08-05 17:47:22" end-time="2026-08-05 17:47:22" duration="0.000" />
              </test-suite>
              <test-suite type="Hidano.AvatarSetupTool.Editor.Tests.TileLayoutTests" name="TileLayoutTests" fullname="Hidano.AvatarSetupTool.Editor.Tests.TileLayoutTests" result="Passed" start-time="2026-08-05 17:47:22" end-time="2026-08-05 17:50:59" duration="216.467" total="40" passed="40" failed="0" skipped="0" inconclusive="0">
                <test-case name="Compute_8K_Ssaa2_Limit4096_Yields4x4" fullname="Hidano.AvatarSetupTool.Editor.Tests.TileLayoutTests.Compute_8K_Ssaa2_Limit4096_Yields4x4" result="Passed" start-time="2026-08-05 17:47:22" end-time="2026-08-05 17:47:22" duration="0.001" />
                <test-suite type="TestSuite" name="Compute_DegenerateLimit_DowngradesFactorStepwise" fullname="Hidano.AvatarSetupTool.Editor.Tests.TileLayoutTests.Compute_DegenerateLimit_DowngradesFactorStepwise" result="Passed" start-time="2026-08-05 17:47:22" end-time="2026-08-05 17:47:22" duration="0.001" total="4" passed="4" failed="0" skipped="0" inconclusive="0">
                  <test-case name="Compute_DegenerateLimit_DowngradesFactorStepwise(4,100,1)" fullname="Hidano.AvatarSetupTool.Editor.Tests.TileLayoutTests.Compute_DegenerateLimit_DowngradesFactorStepwise(4,100,1)" result="Passed" start-time="2026-08-05 17:47:22" end-time="2026-08-05 17:47:22" duration="0.000" />
                  <test-case name="Compute_DegenerateLimit_DowngradesFactorStepwise(4,200,2)" fullname="Hidano.AvatarSetupTool.Editor.Tests.TileLayoutTests.Compute_DegenerateLimit_DowngradesFactorStepwise(4,200,2)" result="Passed" start-time="2026-08-05 17:47:22" end-time="2026-08-05 17:47:22" duration="0.000" />
                  <test-case name="Compute_DegenerateLimit_DowngradesFactorStepwise(2,127,1)" fullname="Hidano.AvatarSetupTool.Editor.Tests.TileLayoutTests.Compute_DegenerateLimit_DowngradesFactorStepwise(2,127,1)" result="Passed" start-time="2026-08-05 17:47:22" end-time="2026-08-05 17:47:22" duration="0.000" />
                  <test-case name="Compute_DegenerateLimit_DowngradesFactorStepwise(2,128,2)" fullname="Hidano.AvatarSetupTool.Editor.Tests.TileLayoutTests.Compute_DegenerateLimit_DowngradesFactorStepwise(2,128,2)" result="Passed" start-time="2026-08-05 17:47:22" end-time="2026-08-05 17:47:22" duration="0.000" />
                </test-suite>
                <test-suite type="TestSuite" name="Compute_InvalidPreferredFactor_Throws" fullname="Hidano.AvatarSetupTool.Editor.Tests.TileLayoutTests.Compute_InvalidPreferredFactor_Throws" result="Passed" start-time="2026-08-05 17:47:22" end-time="2026-08-05 17:47:22" duration="0.001" total="3" passed="3" failed="0" skipped="0" inconclusive="0">
                  <test-case name="Compute_InvalidPreferredFactor_Throws(0)" fullname="Hidano.AvatarSetupTool.Editor.Tests.TileLayoutTests.Compute_InvalidPreferredFactor_Throws(0)" result="Passed" start-time="2026-08-05 17:47:22" end-time="2026-08-05 17:47:22" duration="0.000" />
                  <test-case name="Compute_InvalidPreferredFactor_Throws(3)" fullname="Hidano.AvatarSetupTool.Editor.Tests.TileLayoutTests.Compute_InvalidPreferredFactor_Throws(3)" result="Passed" start-time="2026-08-05 17:47:22" end-time="2026-08-05 17:47:22" duration="0.000" />
                  <test-case name="Compute_InvalidPreferredFactor_Throws(8)" fullname="Hidano.AvatarSetupTool.Editor.Tests.TileLayoutTests.Compute_InvalidPreferredFactor_Throws(8)" result="Passed" start-time="2026-08-05 17:47:22" end-time="2026-08-05 17:47:22" duration="0.000" />
                </test-suite>
                <test-suite type="TestSuite" name="Compute_Invariants_CoverageAlignmentAndSideLimit" fullname="Hidano.AvatarSetupTool.Editor.Tests.TileLayoutTests.Compute_Invariants_CoverageAlignmentAndSideLimit" result="Passed" start-time="2026-08-05 17:47:22" end-time="2026-08-05 17:50:59" duration="216.451" total="9" passed="9" failed="0" skipped="0" inconclusive="0">
                  <test-case name="Compute_Invariants_CoverageAlignmentAndSideLimit(8192,8192,2,4096)" fullname="Hidano.AvatarSetupTool.Editor.Tests.TileLayoutTests.Compute_Invariants_CoverageAlignmentAndSideLimit(8192,8192,2,4096)" result="Passed" start-time="2026-08-05 17:47:22" end-time="2026-08-05 17:49:21" duration="118.537" />
                  <test-case name="Compute_Invariants_CoverageAlignmentAndSideLimit(7680,4320,2,4096)" fullname="Hidano.AvatarSetupTool.Editor.Tests.TileLayoutTests.Compute_Invariants_CoverageAlignmentAndSideLimit(7680,4320,2,4096)" result="Passed" start-time="2026-08-05 17:49:21" end-time="2026-08-05 17:50:19" duration="58.398" />
                  <test-case name="Compute_Invariants_CoverageAlignmentAndSideLimit(8192,2048,2,4096)" fullname="Hidano.AvatarSetupTool.Editor.Tests.TileLayoutTests.Compute_Invariants_CoverageAlignmentAndSideLimit(8192,2048,2,4096)" result="Passed" start-time="2026-08-05 17:50:19" end-time="2026-08-05 17:50:49" duration="29.120" />
                  <test-case name="Compute_Invariants_CoverageAlignmentAndSideLimit(513,257,2,512)" fullname="Hidano.AvatarSetupTool.Editor.Tests.TileLayoutTests.Compute_Invariants_CoverageAlignmentAndSideLimit(513,257,2,512)" result="Passed" start-time="2026-08-05 17:50:49" end-time="2026-08-05 17:50:49" duration="0.244" />
                  <test-case name="Compute_Invariants_CoverageAlignmentAndSideLimit(1024,1024,4,4096)" fullname="Hidano.AvatarSetupTool.Editor.Tests.TileLayoutTests.Compute_Invariants_CoverageAlignmentAndSideLimit(1024,1024,4,4096)" result="Passed" start-time="2026-08-05 17:50:49" end-time="2026-08-05 17:50:51" duration="1.941" />
                  <test-case name="Compute_Invariants_CoverageAlignmentAndSideLimit(2049,2048,2,4096)" fullname="Hidano.AvatarSetupTool.Editor.Tests.TileLayoutTests.Compute_Invariants_CoverageAlignmentAndSideLimit(2049,2048,2,4096)" result="Passed" start-time="2026-08-05 17:50:51" end-time="2026-08-05 17:50:58" duration="7.288" />
                  <test-case name="Compute_Invariants_CoverageAlignmentAndSideLimit(512,512,4,100)" fullname="Hidano.AvatarSetupTool.Editor.Tests.TileLayoutTests.Compute_Invariants_CoverageAlignmentAndSideLimit(512,512,4,100)" result="Passed" start-time="2026-08-05 17:50:58" end-time="2026-08-05 17:50:58" duration="0.453" />
                  <test-case name="Compute_Invariants_CoverageAlignmentAndSideLimit(512,512,4,200)" fullname="Hidano.AvatarSetupTool.Editor.Tests.TileLayoutTests.Compute_Invariants_CoverageAlignmentAndSideLimit(512,512,4,200)" result="Passed" start-time="2026-08-05 17:50:58" end-time="2026-08-05 17:50:59" duration="0.462" />
                  <test-case name="Compute_Invariants_CoverageAlignmentAndSideLimit(64,64,1,64)" fullname="Hidano.AvatarSetupTool.Editor.Tests.TileLayoutTests.Compute_Invariants_CoverageAlignmentAndSideLimit(64,64,1,64)" result="Passed" start-time="2026-08-05 17:50:59" end-time="2026-08-05 17:50:59" duration="0.007" />
                </test-suite>
                <test-suite type="TestSuite" name="Compute_NonPositiveOutput_Throws" fullname="Hidano.AvatarSetupTool.Editor.Tests.TileLayoutTests.Compute_NonPositiveOutput_Throws" result="Passed" start-time="2026-08-05 17:50:59" end-time="2026-08-05 17:50:59" duration="0.006" total="3" passed="3" failed="0" skipped="0" inconclusive="0">
                  <test-case name="Compute_NonPositiveOutput_Throws(0,512)" fullname="Hidano.AvatarSetupTool.Editor.Tests.TileLayoutTests.Compute_NonPositiveOutput_Throws(0,512)" result="Passed" start-time="2026-08-05 17:50:59" end-time="2026-08-05 17:50:59" duration="0.000" />
                  <test-case name="Compute_NonPositiveOutput_Throws(512,0)" fullname="Hidano.AvatarSetupTool.Editor.Tests.TileLayoutTests.Compute_NonPositiveOutput_Throws(512,0)" result="Passed" start-time="2026-08-05 17:50:59" end-time="2026-08-05 17:50:59" duration="0.000" />
                  <test-case name="Compute_NonPositiveOutput_Throws(-1,512)" fullname="Hidano.AvatarSetupTool.Editor.Tests.TileLayoutTests.Compute_NonPositiveOutput_Throws(-1,512)" result="Passed" start-time="2026-08-05 17:50:59" end-time="2026-08-05 17:50:59" duration="0.000" />
                </test-suite>
                <test-case name="Compute_NonSquare_ProducesRemainderEdgeTiles" fullname="Hidano.AvatarSetupTool.Editor.Tests.TileLayoutTests.Compute_NonSquare_ProducesRemainderEdgeTiles" result="Passed" start-time="2026-08-05 17:50:59" end-time="2026-08-05 17:50:59" duration="0.000" />
                <test-suite type="TestSuite" name="Compute_NormalEnvironment_KeepsPreferredFactor" fullname="Hidano.AvatarSetupTool.Editor.Tests.TileLayoutTests.Compute_NormalEnvironment_KeepsPreferredFactor" result="Passed" start-time="2026-08-05 17:50:59" end-time="2026-08-05 17:50:59" duration="0.002" total="3" passed="3" failed="0" skipped="0" inconclusive="0">
                  <test-case name="Compute_NormalEnvironment_KeepsPreferredFactor(8192,8192,2,4096)" fullname="Hidano.AvatarSetupTool.Editor.Tests.TileLayoutTests.Compute_NormalEnvironment_KeepsPreferredFactor(8192,8192,2,4096)" result="Passed" start-time="2026-08-05 17:50:59" end-time="2026-08-05 17:50:59" duration="0.000" />
                  <test-case name="Compute_NormalEnvironment_KeepsPreferredFactor(1024,1024,4,4096)" fullname="Hidano.AvatarSetupTool.Editor.Tests.TileLayoutTests.Compute_NormalEnvironment_KeepsPreferredFactor(1024,1024,4,4096)" result="Passed" start-time="2026-08-05 17:50:59" end-time="2026-08-05 17:50:59" duration="0.000" />
                  <test-case name="Compute_NormalEnvironment_KeepsPreferredFactor(2048,2048,4,4096)" fullname="Hidano.AvatarSetupTool.Editor.Tests.TileLayoutTests.Compute_NormalEnvironment_KeepsPreferredFactor(2048,2048,4,4096)" result="Passed" start-time="2026-08-05 17:50:59" end-time="2026-08-05 17:50:59" duration="0.000" />
                </test-suite>
                <test-case name="Compute_OneOverBlockSide_SplitsIntoTwo" fullname="Hidano.AvatarSetupTool.Editor.Tests.TileLayoutTests.Compute_OneOverBlockSide_SplitsIntoTwo" result="Passed" start-time="2026-08-05 17:50:59" end-time="2026-08-05 17:50:59" duration="0.000" />
                <test-case name="Compute_OutputWithinLimit_IsSinglePass" fullname="Hidano.AvatarSetupTool.Editor.Tests.TileLayoutTests.Compute_OutputWithinLimit_IsSinglePass" result="Passed" start-time="2026-08-05 17:50:59" end-time="2026-08-05 17:50:59" duration="0.000" />
                <test-case name="Compute_SameInput_IsDeterministic" fullname="Hidano.AvatarSetupTool.Editor.Tests.TileLayoutTests.Compute_SameInput_IsDeterministic" result="Passed" start-time="2026-08-05 17:50:59" end-time="2026-08-05 17:50:59" duration="0.000" />
                <test-case name="Compute_TileSideLimitBelowMinBlockSide_Throws" fullname="Hidano.AvatarSetupTool.Editor.Tests.TileLayoutTests.Compute_TileSideLimitBelowMinBlockSide_Throws" result="Passed" start-time="2026-08-05 17:50:59" end-time="2026-08-05 17:50:59" duration="0.000" />
                <test-suite type="TestSuite" name="GetTile_OutOfRange_Throws" fullname="Hidano.AvatarSetupTool.Editor.Tests.TileLayoutTests.GetTile_OutOfRange_Throws" result="Passed" start-time="2026-08-05 17:50:59" end-time="2026-08-05 17:50:59" duration="0.001" total="4" passed="4" failed="0" skipped="0" inconclusive="0">
                  <test-case name="GetTile_OutOfRange_Throws(-1,0)" fullname="Hidano.AvatarSetupTool.Editor.Tests.TileLayoutTests.GetTile_OutOfRange_Throws(-1,0)" result="Passed" start-time="2026-08-05 17:50:59" end-time="2026-08-05 17:50:59" duration="0.000" />
                  <test-case name="GetTile_OutOfRange_Throws(0,-1)" fullname="Hidano.AvatarSetupTool.Editor.Tests.TileLayoutTests.GetTile_OutOfRange_Throws(0,-1)" result="Passed" start-time="2026-08-05 17:50:59" end-time="2026-08-05 17:50:59" duration="0.000" />
                  <test-case name="GetTile_OutOfRange_Throws(4,0)" fullname="Hidano.AvatarSetupTool.Editor.Tests.TileLayoutTests.GetTile_OutOfRange_Throws(4,0)" result="Passed" start-time="2026-08-05 17:50:59" end-time="2026-08-05 17:50:59" duration="0.000" />
                  <test-case name="GetTile_OutOfRange_Throws(0,4)" fullname="Hidano.AvatarSetupTool.Editor.Tests.TileLayoutTests.GetTile_OutOfRange_Throws(0,4)" result="Passed" start-time="2026-08-05 17:50:59" end-time="2026-08-05 17:50:59" duration="0.000" />
                </test-suite>
                <test-suite type="TestSuite" name="PreferredFactor_FollowsLongestSideRule" fullname="Hidano.AvatarSetupTool.Editor.Tests.TileLayoutTests.PreferredFactor_FollowsLongestSideRule" result="Passed" start-time="2026-08-05 17:50:59" end-time="2026-08-05 17:50:59" duration="0.001" total="4" passed="4" failed="0" skipped="0" inconclusive="0">
                  <test-case name="PreferredFactor_FollowsLongestSideRule(2048,2048,4)" fullname="Hidano.AvatarSetupTool.Editor.Tests.TileLayoutTests.PreferredFactor_FollowsLongestSideRule(2048,2048,4)" result="Passed" start-time="2026-08-05 17:50:59" end-time="2026-08-05 17:50:59" duration="0.000" />
                  <test-case name="PreferredFactor_FollowsLongestSideRule(512,2048,4)" fullname="Hidano.AvatarSetupTool.Editor.Tests.TileLayoutTests.PreferredFactor_FollowsLongestSideRule(512,2048,4)" result="Passed" start-time="2026-08-05 17:50:59" end-time="2026-08-05 17:50:59" duration="0.000" />
                  <test-case name="PreferredFactor_FollowsLongestSideRule(2049,512,2)" fullname="Hidano.AvatarSetupTool.Editor.Tests.TileLayoutTests.PreferredFactor_FollowsLongestSideRule(2049,512,2)" result="Passed" start-time="2026-08-05 17:50:59" end-time="2026-08-05 17:50:59" duration="0.000" />
                  <test-case name="PreferredFactor_FollowsLongestSideRule(7680,4320,2)" fullname="Hidano.AvatarSetupTool.Editor.Tests.TileLayoutTests.PreferredFactor_FollowsLongestSideRule(7680,4320,2)" result="Passed" start-time="2026-08-05 17:50:59" end-time="2026-08-05 17:50:59" duration="0.000" />
                </test-suite>
                <test-case name="TileSideLimits_FloorValue_MatchesLowVramResult" fullname="Hidano.AvatarSetupTool.Editor.Tests.TileLayoutTests.TileSideLimits_FloorValue_MatchesLowVramResult" result="Passed" start-time="2026-08-05 17:50:59" end-time="2026-08-05 17:50:59" duration="0.000" />
                <test-case name="TileSideLimits_NormalEnvironment_ReturnsSafeTileSide" fullname="Hidano.AvatarSetupTool.Editor.Tests.TileLayoutTests.TileSideLimits_NormalEnvironment_ReturnsSafeTileSide" result="Passed" start-time="2026-08-05 17:50:59" end-time="2026-08-05 17:50:59" duration="0.000" />
                <test-case name="TileSideLimits_SmallMaxTextureSize_IsRespected" fullname="Hidano.AvatarSetupTool.Editor.Tests.TileLayoutTests.TileSideLimits_SmallMaxTextureSize_IsRespected" result="Passed" start-time="2026-08-05 17:50:59" end-time="2026-08-05 17:50:59" duration="0.000" />
                <test-case name="TileSideLimits_UnderReportedVram_IsClampedByFloor" fullname="Hidano.AvatarSetupTool.Editor.Tests.TileLayoutTests.TileSideLimits_UnderReportedVram_IsClampedByFloor" result="Passed" start-time="2026-08-05 17:50:59" end-time="2026-08-05 17:50:59" duration="0.000" />
              </test-suite>
              <test-suite type="Hidano.AvatarSetupTool.Editor.Tests.TileRenderEquivalenceTests" name="TileRenderEquivalenceTests" fullname="Hidano.AvatarSetupTool.Editor.Tests.TileRenderEquivalenceTests" result="Passed" start-time="2026-08-05 17:50:59" end-time="2026-08-05 17:50:59" duration="0.296" total="3" passed="3" failed="0" skipped="0" inconclusive="0">
                <test-suite type="TestSuite" name="TiledRender_MatchesSinglePassWithinOneStep" fullname="Hidano.AvatarSetupTool.Editor.Tests.TileRenderEquivalenceTests.TiledRender_MatchesSinglePassWithinOneStep" result="Passed" start-time="2026-08-05 17:50:59" end-time="2026-08-05 17:50:59" duration="0.285" total="3" passed="3" failed="0" skipped="0" inconclusive="0">
                  <test-case name="TiledRender_MatchesSinglePassWithinOneStep(512,512,300,4,4)" fullname="Hidano.AvatarSetupTool.Editor.Tests.TileRenderEquivalenceTests.TiledRender_MatchesSinglePassWithinOneStep(512,512,300,4,4)" result="Passed" start-time="2026-08-05 17:50:59" end-time="2026-08-05 17:50:59" duration="0.130" />
                  <test-case name="TiledRender_MatchesSinglePassWithinOneStep(640,384,512,3,2)" fullname="Hidano.AvatarSetupTool.Editor.Tests.TileRenderEquivalenceTests.TiledRender_MatchesSinglePassWithinOneStep(640,384,512,3,2)" result="Passed" start-time="2026-08-05 17:50:59" end-time="2026-08-05 17:50:59" duration="0.081" />
                  <test-case name="TiledRender_MatchesSinglePassWithinOneStep(480,480,320,3,3)" fullname="Hidano.AvatarSetupTool.Editor.Tests.TileRenderEquivalenceTests.TiledRender_MatchesSinglePassWithinOneStep(480,480,320,3,3)" result="Passed" start-time="2026-08-05 17:50:59" end-time="2026-08-05 17:50:59" duration="0.069" />
                </test-suite>
              </test-suite>
            </test-suite>
          </test-suite>
        </test-suite>
      </test-suite>
    </test-suite>
  </test-suite>
</test-run>